<?xml version="1.0" encoding="UTF-8"?>
<coverage generated="1762270746743" clover="3.2.0">
  <project timestamp="1762270746743" name="All files">
    <metrics statements="22" coveredstatements="21" conditionals="2" coveredconditionals="1" methods="10" coveredmethods="7" elements="34" coveredelements="29" complexity="0" loc="22" ncloc="22" packages="3" files="5" classes="5"/>
    <package name="src">
      <metrics statements="7" coveredstatements="7" conditionals="2" coveredconditionals="1" methods="1" coveredmethods="1"/>
      <file name="MyAwesomeApp.tsx" path="C:\AprendiendoReact.js\clasesReact\React\React\React\src\MyAwesomeApp.tsx">
        <metrics statements="7" coveredstatements="7" conditionals="2" coveredconditionals="1" methods="1" coveredmethods="1"/>
        <line num="3" count="1" type="stmt"/>
        <line num="4" count="1" type="stmt"/>
        <line num="6" count="1" type="stmt"/>
        <line num="7" count="1" type="stmt"/>
        <line num="9" count="1" type="stmt"/>
        <line num="14" count="1" type="stmt"/>
        <line num="21" count="1" type="stmt"/>
      </file>
    </package>
    <package name="src.MusicApp">
      <metrics statements="7" coveredstatements="7" conditionals="0" coveredconditionals="0" methods="5" coveredmethods="3"/>
      <file name="button.tsx" path="C:\AprendiendoReact.js\clasesReact\React\React\React\src\MusicApp\button.tsx">
        <metrics statements="3" coveredstatements="3" conditionals="0" coveredconditionals="0" methods="2" coveredmethods="2"/>
        <line num="1" count="1" type="stmt"/>
        <line num="2" count="24" type="stmt"/>
        <line num="3" count="6" type="stmt"/>
      </file>
      <file name="cardMusic.tsx" path="C:\AprendiendoReact.js\clasesReact\React\React\React\src\MusicApp\cardMusic.tsx">
        <metrics statements="3" coveredstatements="3" conditionals="0" coveredconditionals="0" methods="3" coveredmethods="1"/>
        <line num="4" count="1" type="stmt"/>
        <line num="19" count="1" type="stmt"/>
        <line num="34" count="1" type="stmt"/>
      </file>
      <file name="dataMusic.ts" path="C:\AprendiendoReact.js\clasesReact\React\React\React\src\MusicApp\dataMusic.ts">
        <metrics statements="1" coveredstatements="1" conditionals="0" coveredconditionals="0" methods="0" coveredmethods="0"/>
        <line num="11" count="1" type="stmt"/>
      </file>
    </package>
    <package name="src.helpers">
      <metrics statements="8" coveredstatements="7" conditionals="0" coveredconditionals="0" methods="4" coveredmethods="3"/>
      <file name="math.helper.ts" path="C:\AprendiendoReact.js\clasesReact\React\React\React\src\helpers\math.helper.ts">
        <metrics statements="8" coveredstatements="7" conditionals="0" coveredconditionals="0" methods="4" coveredmethods="3"/>
        <line num="1" count="1" type="stmt"/>
        <line num="2" count="2" type="stmt"/>
        <line num="5" count="1" type="stmt"/>
        <line num="6" count="2" type="stmt"/>
        <line num="8" count="1" type="stmt"/>
        <line num="9" count="2" type="stmt"/>
        <line num="11" count="1" type="stmt"/>
        <line num="12" count="0" type="stmt"/>
      </file>
    </package>
  </project>
</coverage>
