{"C:\\AprendiendoReact.js\\clasesReact\\React\\React\\React\\src\\MyAwesomeApp.tsx": {"path":"C:\\AprendiendoReact.js\\clasesReact\\React\\React\\React\\src\\MyAwesomeApp.tsx","statementMap":{"0":{"start":{"line":3,"column":18},"end":{"line":3,"column":null}},"1":{"start":{"line":4,"column":17},"end":{"line":4,"column":null}},"2":{"start":{"line":6,"column":22},"end":{"line":6,"column":null}},"3":{"start":{"line":7,"column":17},"end":{"line":7,"column":null}},"4":{"start":{"line":9,"column":15},"end":{"line":12,"column":null}},"5":{"start":{"line":14,"column":32},"end":{"line":19,"column":null}},"6":{"start":{"line":21,"column":28},"end":{"line":35,"column":null}}},"fnMap":{"0":{"name":"(anonymous_0)","decl":{"start":{"line":21,"column":28},"end":{"line":21,"column":null}},"loc":{"start":{"line":21,"column":28},"end":{"line":35,"column":null}},"line":21}},"branchMap":{"0":{"loc":{"start":{"line":30,"column":17},"end":{"line":30,"column":null}},"type":"cond-expr","locations":[{"start":{"line":30,"column":28},"end":{"line":30,"column":37}},{"start":{"line":30,"column":37},"end":{"line":30,"column":null}}],"line":30}},"s":{"0":1,"1":1,"2":1,"3":1,"4":1,"5":1,"6":1},"f":{"0":3},"b":{"0":[3,0]},"meta":{"lastBranch":1,"lastFunction":1,"lastStatement":7,"seen":{"s:3:18:3:Infinity":0,"s:4:17:4:Infinity":1,"s:6:22:6:Infinity":2,"s:7:17:7:Infinity":3,"s:9:15:12:Infinity":4,"s:14:32:19:Infinity":5,"s:21:28:35:Infinity":6,"f:21:28:21:Infinity":0,"b:30:28:30:37:30:37:30:Infinity":0}}}
,"C:\\AprendiendoReact.js\\clasesReact\\React\\React\\React\\src\\MusicApp\\button.tsx": {"path":"C:\\AprendiendoReact.js\\clasesReact\\React\\React\\React\\src\\MusicApp\\button.tsx","statementMap":{"0":{"start":{"line":1,"column":29},"end":{"line":8,"column":null}},"1":{"start":{"line":2,"column":24},"end":{"line":4,"column":null}},"2":{"start":{"line":3,"column":8},"end":{"line":3,"column":null}}},"fnMap":{"0":{"name":"(anonymous_0)","decl":{"start":{"line":1,"column":29},"end":{"line":1,"column":null}},"loc":{"start":{"line":1,"column":29},"end":{"line":8,"column":null}},"line":1},"1":{"name":"(anonymous_1)","decl":{"start":{"line":2,"column":24},"end":{"line":2,"column":null}},"loc":{"start":{"line":2,"column":24},"end":{"line":4,"column":null}},"line":2}},"branchMap":{},"s":{"0":1,"1":24,"2":6},"f":{"0":24,"1":6},"b":{},"meta":{"lastBranch":0,"lastFunction":2,"lastStatement":3,"seen":{"s:1:29:8:Infinity":0,"f:1:29:1:Infinity":0,"s:2:24:4:Infinity":1,"f:2:24:2:Infinity":1,"s:3:8:3:Infinity":2}}}
,"C:\\AprendiendoReact.js\\clasesReact\\React\\React\\React\\src\\MusicApp\\cardMusic.tsx": {"path":"C:\\AprendiendoReact.js\\clasesReact\\React\\React\\React\\src\\MusicApp\\cardMusic.tsx","statementMap":{"0":{"start":{"line":4,"column":28},"end":{"line":18,"column":null}},"1":{"start":{"line":19,"column":27},"end":{"line":33,"column":null}},"2":{"start":{"line":34,"column":30},"end":{"line":48,"column":null}}},"fnMap":{"0":{"name":"(anonymous_0)","decl":{"start":{"line":4,"column":28},"end":{"line":4,"column":null}},"loc":{"start":{"line":4,"column":28},"end":{"line":18,"column":null}},"line":4},"1":{"name":"(anonymous_1)","decl":{"start":{"line":19,"column":27},"end":{"line":19,"column":null}},"loc":{"start":{"line":19,"column":27},"end":{"line":33,"column":null}},"line":19},"2":{"name":"(anonymous_2)","decl":{"start":{"line":34,"column":30},"end":{"line":34,"column":null}},"loc":{"start":{"line":34,"column":30},"end":{"line":48,"column":null}},"line":34}},"branchMap":{},"s":{"0":1,"1":1,"2":1},"f":{"0":4,"1":0,"2":0},"b":{},"meta":{"lastBranch":0,"lastFunction":3,"lastStatement":3,"seen":{"s:4:28:18:Infinity":0,"f:4:28:4:Infinity":0,"s:19:27:33:Infinity":1,"f:19:27:19:Infinity":1,"s:34:30:48:Infinity":2,"f:34:30:34:Infinity":2}}}
,"C:\\AprendiendoReact.js\\clasesReact\\React\\React\\React\\src\\MusicApp\\dataMusic.ts": {"path":"C:\\AprendiendoReact.js\\clasesReact\\React\\React\\React\\src\\MusicApp\\dataMusic.ts","statementMap":{"0":{"start":{"line":11,"column":36},"end":{"line":38,"column":null}}},"fnMap":{},"branchMap":{},"s":{"0":1},"f":{},"b":{},"meta":{"lastBranch":0,"lastFunction":0,"lastStatement":1,"seen":{"s:11:36:38:Infinity":0}}}
,"C:\\AprendiendoReact.js\\clasesReact\\React\\React\\React\\src\\helpers\\math.helper.ts": {"path":"C:\\AprendiendoReact.js\\clasesReact\\React\\React\\React\\src\\helpers\\math.helper.ts","statementMap":{"0":{"start":{"line":1,"column":19},"end":{"line":4,"column":null}},"1":{"start":{"line":2,"column":4},"end":{"line":2,"column":null}},"2":{"start":{"line":5,"column":24},"end":{"line":7,"column":null}},"3":{"start":{"line":6,"column":4},"end":{"line":6,"column":null}},"4":{"start":{"line":8,"column":24},"end":{"line":10,"column":null}},"5":{"start":{"line":9,"column":4},"end":{"line":9,"column":null}},"6":{"start":{"line":11,"column":22},"end":{"line":13,"column":null}},"7":{"start":{"line":12,"column":4},"end":{"line":12,"column":null}}},"fnMap":{"0":{"name":"(anonymous_0)","decl":{"start":{"line":1,"column":19},"end":{"line":1,"column":20}},"loc":{"start":{"line":1,"column":31},"end":{"line":4,"column":null}},"line":1},"1":{"name":"(anonymous_1)","decl":{"start":{"line":5,"column":24},"end":{"line":5,"column":25}},"loc":{"start":{"line":5,"column":36},"end":{"line":7,"column":null}},"line":5},"2":{"name":"(anonymous_2)","decl":{"start":{"line":8,"column":24},"end":{"line":8,"column":25}},"loc":{"start":{"line":8,"column":36},"end":{"line":10,"column":null}},"line":8},"3":{"name":"(anonymous_3)","decl":{"start":{"line":11,"column":22},"end":{"line":11,"column":23}},"loc":{"start":{"line":11,"column":34},"end":{"line":13,"column":null}},"line":11}},"branchMap":{},"s":{"0":1,"1":2,"2":1,"3":2,"4":1,"5":2,"6":1,"7":0},"f":{"0":2,"1":2,"2":2,"3":0},"b":{},"meta":{"lastBranch":0,"lastFunction":4,"lastStatement":8,"seen":{"s:1:19:4:Infinity":0,"f:1:19:1:20":0,"s:2:4:2:Infinity":1,"s:5:24:7:Infinity":2,"f:5:24:5:25":1,"s:6:4:6:Infinity":3,"s:8:24:10:Infinity":4,"f:8:24:8:25":2,"s:9:4:9:Infinity":5,"s:11:22:13:Infinity":6,"f:11:22:11:23":3,"s:12:4:12:Infinity":7}}}
}
